2023-12-19 20:19:01,932 - INFO - Running ffmpeg command: ffmpeg -i /home/jack/Videos/vokoscreenNG-2023-12-19_20-01-14.mkv -vf mpdecimate,setpts=N/FRAME_RATE/TB -c:a copy output_video_no_duplicates.mp4
2023-12-19 20:19:38,035 - INFO - Duplicate frames removed successfully.
2023-12-19 20:27:09,676 - INFO - Running ffmpeg command: ffmpeg -i short.mp4 -filter:v setpts=2.0*PTS -filter:a atempo=0.5 output_video_slowed_down.mp4
2023-12-19 20:27:36,734 - INFO - Video slowed down by 50% successfully.
2023-12-19 20:33:43,453 - INFO - Running ffmpeg command: ffmpeg -i short.mp4 -filter:v setpts=8.0*PTS -an output_video_slowed_down.mp4
2023-12-19 20:33:43,531 - ERROR - Error occurred: Command '['ffmpeg', '-i', 'short.mp4', '-filter:v', 'setpts=8.0*PTS', '-an', 'output_video_slowed_down.mp4']' returned non-zero exit status 1.
2023-12-19 20:35:52,378 - INFO - Running ffmpeg command: ffmpeg -i short.mp4 -vf setpts=2.0*PTS -an -y output_video_slowed_down.mp4
2023-12-19 20:36:18,791 - INFO - Video slowed down by 2.0 times without audio successfully.
2023-12-19 20:36:42,729 - INFO - Running ffmpeg command: ffmpeg -i short.mp4 -vf setpts=20.0*PTS -an -y output_video_slowed_down.mp4
2023-12-19 20:38:15,218 - INFO - Video slowed down by 20.0 times without audio successfully.
2023-12-19 20:38:51,545 - INFO - Running ffmpeg command: ffmpeg -i short.mp4 -vf setpts=10.0*PTS -an -y output_video_slowed_down.mp4
2023-12-19 20:39:53,241 - INFO - Video slowed down by 10.0 times without audio successfully.
2023-12-19 20:40:30,706 - INFO - Running ffmpeg command: ffmpeg -i short.mp4 -vf setpts=5.0*PTS -an -y output_video_slowed_down.mp4
2023-12-19 20:41:15,376 - INFO - Video slowed down by 5.0 times without audio successfully.
2023-12-19 22:57:40,776 - INFO - Running ffmpeg command: ffmpeg -i /home/jack/Videos/vokoscreenNG-2023-12-19_22-27-18.mkv -vf mpdecimate,setpts=N/FRAME_RATE/TB -c:a copy vokoscreenNG-2023-12-19_22-27-18_no_duplicates.mp4
2023-12-19 22:59:09,907 - INFO - Duplicate frames removed successfully.
2023-12-19 23:06:21,238 - INFO - Running ffmpeg command: ffmpeg -i 2nd_short.mp4 -vf setpts=5.0*PTS -an -y 2nd_output_video_slowed_down.mp4
2023-12-19 23:08:45,100 - INFO - Video slowed down by 5.0 times without audio successfully.
2023-12-21 08:12:30,671 - INFO - Running ffmpeg command: ffmpeg -hide_banner -i /home/jack/Videos/vokoscreenNG-2023-12-21_08-07-56.mkv -vf mpdecimate,setpts=N/FRAME_RATE/TB -c:a copy -y mixamo.mp4
2023-12-21 08:12:31,414 - INFO - Duplicate frames removed successfully.
2023-12-21 08:14:58,359 - INFO - Running ffmpeg command: ffmpeg -i mixamo.mp4 -vf setpts=5.0*PTS -an -y mixamo_short_5.mp4
2023-12-21 08:15:00,089 - INFO - Video slowed down by 5.0 times without audio successfully.
2023-12-21 08:16:32,020 - INFO - Running ffmpeg command: ffmpeg -i mixamo.mp4 -vf setpts=8.0*PTS -an -y mixamo_short_8.mp4
2023-12-21 08:16:34,215 - INFO - Video slowed down by 8.0 times without audio successfully.
2023-12-21 08:17:54,852 - INFO - Running ffmpeg command: ffmpeg -i mixamo.mp4 -vf setpts=12.0*PTS -an -y mixamo_short_12.mp4
2023-12-21 08:17:59,610 - INFO - Video slowed down by 12.0 times without audio successfully.
2023-12-21 08:21:00,036 - INFO - Running ffmpeg command: ffmpeg -ss 4 -i mixamo.mp4 -vf setpts=12.0*PTS -an -y mixamo_short_12.mp4
2023-12-21 08:21:00,261 - INFO - Video slowed down by 12.0 times without audio successfully.
2023-12-21 08:22:19,970 - INFO - Running ffmpeg command: ffmpeg -hide_banner -ss 4 -i mixamo.mp4 -vf setpts=12.0*PTS -an -y mixamo_short_12.mp4
2023-12-21 08:22:20,163 - INFO - Video slowed down by 12.0 times without audio successfully.
2023-12-21 08:23:56,686 - INFO - Running ffmpeg command: ffmpeg -ss 4 -i mixamo.mp4 -vf setpts=12.0*PTS -an -y mixamo_short_12.mp4
2023-12-21 08:23:56,843 - INFO - Video slowed down by 12.0 times without audio successfully.
2023-12-21 08:24:54,675 - INFO - Running ffmpeg command: ffmpeg -i mixamo.mp4 -vf setpts=12.0*PTS -an -y mixamo_short_12.mp4
2023-12-21 08:24:58,932 - INFO - Video slowed down by 12.0 times without audio successfully.
2023-12-21 08:26:55,993 - INFO - Running ffmpeg command: ffmpeg -i mixamo.mp4 -vf setpts=20.0*PTS -an -y mixamo_short_20.mp4
2023-12-21 08:27:02,574 - INFO - Video slowed down by 20.0 times without audio successfully.
